[2026-02-11 08:37:54.752178] ** Submodules: 1181.0 seconds
[2026-02-11 08:37:54.772313] ** Placement: 0.0 seconds
[2026-02-11 09:02:48.733254] ** Routing: 1494.0 seconds
[2026-02-11 09:02:48.741998] ** Verification: 0.0 seconds
[2026-02-11 09:02:48.742099] ** SRAM creation: 2675.0 seconds
[2026-02-11 09:02:48.742146] SP: Writing to /localhome/kanishka/neuromorphic/sram/PeraMorphIQ-SRAM-Compiler/outputs/sram_32b_65536_1rw_freepdk45_sram_32x65536_32v.sp
[2026-02-11 09:02:49.503231] ** Spice writing: 0.8 seconds
[2026-02-11 09:02:49.503343] DELAY: Writing stimulus...
[2026-02-11 09:02:50.588175] WARNING: file simulation.py: line 618: Could not find bl net in timing paths (using analytical delay, so continuing with dummy name).

[2026-02-11 09:02:50.615799] WARNING: file simulation.py: line 618: Could not find br net in timing paths (using analytical delay, so continuing with dummy name).

[2026-02-11 09:02:50.616128] WARNING: file simulation.py: line 538: Error occurred while determining bitline names. Can cause faults in simulation.

[2026-02-11 09:02:50.616367] WARNING: file simulation.py: line 544: Error occurred while determining bitline names. Can cause faults in simulation.

[2026-02-11 09:02:50.618030] WARNING: file bitcell_array.py: line 129: Cell (8191, 255) not found in array (likely multi-bank config). Using placeholder for analytical delay.

[2026-02-11 09:02:50.618522] WARNING: file bitcell_array.py: line 129: Cell (8191, 255) not found in array (likely multi-bank config). Using placeholder for analytical delay.

[2026-02-11 09:02:50.618887] WARNING: file delay.py: line 278: Found 0 paths which contain the bitline net (expected 1). Using dummy path for analytical delay.

[2026-02-11 09:02:50.619382] WARNING: file bitcell_array.py: line 129: Cell (8191, 255) not found in array (likely multi-bank config). Using placeholder for analytical delay.

[2026-02-11 09:02:50.619762] WARNING: file bitcell_array.py: line 129: Cell (8191, 255) not found in array (likely multi-bank config). Using placeholder for analytical delay.

[2026-02-11 09:02:50.620025] WARNING: file delay.py: line 381: Probe Address's number of bits (16) does not match bank_addr_size (11) - expected in multi-bank configs with analytical delay.

[2026-02-11 09:02:50.620389] WARNING: file simulation.py: line 180: Address size (16) doesn't match bank_addr_size (11) - adjusting for multi-bank config with analytical delay.

[2026-02-11 09:02:50.620694] WARNING: file simulation.py: line 180: Address size (16) doesn't match bank_addr_size (11) - adjusting for multi-bank config with analytical delay.

[2026-02-11 09:02:50.621026] WARNING: file simulation.py: line 180: Address size (16) doesn't match bank_addr_size (11) - adjusting for multi-bank config with analytical delay.

[2026-02-11 09:02:50.621347] WARNING: file simulation.py: line 180: Address size (16) doesn't match bank_addr_size (11) - adjusting for multi-bank config with analytical delay.

[2026-02-11 09:02:50.621704] WARNING: file simulation.py: line 180: Address size (16) doesn't match bank_addr_size (11) - adjusting for multi-bank config with analytical delay.

[2026-02-11 09:02:50.622064] WARNING: file simulation.py: line 180: Address size (16) doesn't match bank_addr_size (11) - adjusting for multi-bank config with analytical delay.

[2026-02-11 09:02:50.622427] WARNING: file simulation.py: line 180: Address size (16) doesn't match bank_addr_size (11) - adjusting for multi-bank config with analytical delay.

[2026-02-11 09:02:50.622786] WARNING: file simulation.py: line 180: Address size (16) doesn't match bank_addr_size (11) - adjusting for multi-bank config with analytical delay.

[2026-02-11 09:02:50.624476] ** DELAY: 1.1 seconds
[2026-02-11 09:02:51.156398] GDS: Writing to /localhome/kanishka/neuromorphic/sram/PeraMorphIQ-SRAM-Compiler/outputs/sram_32b_65536_1rw_freepdk45_sram_32x65536_32v.gds
[2026-02-11 09:02:52.384609] ** GDS: 1.2 seconds
[2026-02-11 09:02:52.384723] LEF: Writing to /localhome/kanishka/neuromorphic/sram/PeraMorphIQ-SRAM-Compiler/outputs/sram_32b_65536_1rw_freepdk45_sram_32x65536_32v.lef
[2026-02-11 09:02:52.393895] ** LEF: 0.0 seconds
[2026-02-11 09:02:52.393936] LVS: Writing to /localhome/kanishka/neuromorphic/sram/PeraMorphIQ-SRAM-Compiler/outputs/sram_32b_65536_1rw_freepdk45_sram_32x65536_32v.lvs.sp
[2026-02-11 09:02:52.918049] ** LVS writing: 0.5 seconds
[2026-02-11 09:02:52.918157] LIB: Characterizing... 
[2026-02-11 09:03:24.283525] ** Characterization: 31.4 seconds
[2026-02-11 09:03:24.283736] Config: Writing to /localhome/kanishka/neuromorphic/sram/PeraMorphIQ-SRAM-Compiler/outputs/sram_32b_65536_1rw_freepdk45.py
[2026-02-11 09:03:24.283776] ** Config: 0.0 seconds
[2026-02-11 09:03:24.297999] Datasheet: Writing to /localhome/kanishka/neuromorphic/sram/PeraMorphIQ-SRAM-Compiler/outputs/sram_32b_65536_1rw_freepdk45_sram_32x65536_32v.html
[2026-02-11 09:03:24.299649] ** Datasheet: 0.0 seconds
[2026-02-11 09:03:24.299696] Verilog: Writing to /localhome/kanishka/neuromorphic/sram/PeraMorphIQ-SRAM-Compiler/outputs/sram_32b_65536_1rw_freepdk45_sram_32x65536_32v.v
[2026-02-11 09:03:24.304327] ** Verilog: 0.0 seconds
