[2026-02-12 07:28:43.173260] ** Submodules: 17600.0 seconds
[2026-02-12 07:28:43.314972] ** Placement: 0.1 seconds
[2026-02-13 04:44:09.246497] ** Routing: 76525.9 seconds
[2026-02-13 04:44:09.261465] ** Verification: 0.0 seconds
[2026-02-13 04:44:09.261550] ** SRAM creation: 94126.1 seconds
[2026-02-13 04:44:09.261580] SP: Writing to /localhome/kanishka/neuromorphic/sram/PeraMorphIQ-SRAM-Compiler_2/outputs/sram_1024b_2048_1rw_freepdk45_sram_1024x2048_8h.sp
[2026-02-13 04:44:11.040577] ** Spice writing: 1.8 seconds
[2026-02-13 04:44:11.040676] DELAY: Writing stimulus...
[2026-02-13 04:44:14.321492] WARNING: file simulation.py: line 620: Could not find bl net in timing paths (using analytical delay, so continuing with dummy name).

[2026-02-13 04:44:14.365915] WARNING: file simulation.py: line 620: Could not find br net in timing paths (using analytical delay, so continuing with dummy name).

[2026-02-13 04:44:14.366202] WARNING: file simulation.py: line 540: Error occurred while determining bitline names. Can cause faults in simulation.

[2026-02-13 04:44:14.366402] WARNING: file simulation.py: line 546: Error occurred while determining bitline names. Can cause faults in simulation.

[2026-02-13 04:44:14.367913] WARNING: file bitcell_array.py: line 129: Cell (4095, 511) not found in array (likely multi-bank config). Using placeholder for analytical delay.

[2026-02-13 04:44:14.368307] WARNING: file bitcell_array.py: line 129: Cell (4095, 511) not found in array (likely multi-bank config). Using placeholder for analytical delay.

[2026-02-13 04:44:14.368605] WARNING: file delay.py: line 278: Found 0 paths which contain the bitline net (expected 1). Using dummy path for analytical delay.

[2026-02-13 04:44:14.369027] WARNING: file bitcell_array.py: line 129: Cell (4095, 511) not found in array (likely multi-bank config). Using placeholder for analytical delay.

[2026-02-13 04:44:14.369343] WARNING: file bitcell_array.py: line 129: Cell (4095, 511) not found in array (likely multi-bank config). Using placeholder for analytical delay.

[2026-02-13 04:44:14.369549] WARNING: file delay.py: line 381: Probe Address's number of bits (14) does not match bank_addr_size (11) - expected in multi-bank configs with analytical delay.

[2026-02-13 04:44:14.373802] ** DELAY: 3.3 seconds
[2026-02-13 04:44:16.105209] GDS: Writing to /localhome/kanishka/neuromorphic/sram/PeraMorphIQ-SRAM-Compiler_2/outputs/sram_1024b_2048_1rw_freepdk45_sram_1024x2048_8h.gds
[2026-02-13 04:44:19.820506] ** GDS: 3.7 seconds
[2026-02-13 04:44:19.820619] LEF: Writing to /localhome/kanishka/neuromorphic/sram/PeraMorphIQ-SRAM-Compiler_2/outputs/sram_1024b_2048_1rw_freepdk45_sram_1024x2048_8h.lef
[2026-02-13 04:44:19.866405] ** LEF: 0.0 seconds
[2026-02-13 04:44:19.866462] LVS: Writing to /localhome/kanishka/neuromorphic/sram/PeraMorphIQ-SRAM-Compiler_2/outputs/sram_1024b_2048_1rw_freepdk45_sram_1024x2048_8h.lvs.sp
[2026-02-13 04:44:21.532191] ** LVS writing: 1.7 seconds
[2026-02-13 04:44:21.532293] LIB: Characterizing... 
[2026-02-13 04:46:06.202936] ** Characterization: 104.7 seconds
[2026-02-13 04:46:06.209412] Config: Writing to /localhome/kanishka/neuromorphic/sram/PeraMorphIQ-SRAM-Compiler_2/outputs/sram_1024b_2048_1rw_freepdk45.py
[2026-02-13 04:46:06.209449] ** Config: 0.0 seconds
[2026-02-13 04:46:06.217112] Datasheet: Writing to /localhome/kanishka/neuromorphic/sram/PeraMorphIQ-SRAM-Compiler_2/outputs/sram_1024b_2048_1rw_freepdk45_sram_1024x2048_8h.html
[2026-02-13 04:46:06.218516] ** Datasheet: 0.0 seconds
[2026-02-13 04:46:06.218561] Verilog: Writing to /localhome/kanishka/neuromorphic/sram/PeraMorphIQ-SRAM-Compiler_2/outputs/sram_1024b_2048_1rw_freepdk45_sram_1024x2048_8h.v
[2026-02-13 04:46:06.220553] ** Verilog: 0.0 seconds
